{"/root/Code/atlas-music-player/tailwind.config.ts": {"path":"/root/Code/atlas-music-player/tailwind.config.ts","all":true,"statementMap":{"2":{"start":{"line":3,"column":0},"end":{"line":3,"column":16}},"3":{"start":{"line":4,"column":0},"end":{"line":4,"column":12}},"4":{"start":{"line":5,"column":0},"end":{"line":5,"column":38}},"5":{"start":{"line":6,"column":0},"end":{"line":6,"column":4}},"6":{"start":{"line":7,"column":0},"end":{"line":7,"column":10}},"7":{"start":{"line":8,"column":0},"end":{"line":8,"column":15}},"8":{"start":{"line":9,"column":0},"end":{"line":9,"column":4}},"9":{"start":{"line":10,"column":0},"end":{"line":10,"column":14}},"10":{"start":{"line":11,"column":0},"end":{"line":11,"column":18}}},"s":{"2":0,"3":0,"4":0,"5":0,"6":0,"7":0,"8":0,"9":0,"10":0},"branchMap":{"0":{"type":"branch","line":1,"loc":{"start":{"line":1,"column":182},"end":{"line":11,"column":18}},"locations":[{"start":{"line":1,"column":182},"end":{"line":11,"column":18}}]}},"b":{"0":[1]},"fnMap":{"0":{"name":"(empty-report)","decl":{"start":{"line":1,"column":182},"end":{"line":11,"column":18}},"loc":{"start":{"line":1,"column":182},"end":{"line":11,"column":18}},"line":1}},"f":{"0":1}}
,"/root/Code/atlas-music-player/src/main.tsx": {"path":"/root/Code/atlas-music-player/src/main.tsx","all":true,"statementMap":{"0":{"start":{"line":1,"column":0},"end":{"line":1,"column":26}},"1":{"start":{"line":2,"column":0},"end":{"line":2,"column":40}},"2":{"start":{"line":3,"column":0},"end":{"line":3,"column":35}},"3":{"start":{"line":4,"column":0},"end":{"line":4,"column":21}},"5":{"start":{"line":6,"column":0},"end":{"line":6,"column":52}},"6":{"start":{"line":7,"column":0},"end":{"line":7,"column":19}},"7":{"start":{"line":8,"column":0},"end":{"line":8,"column":48}},"8":{"start":{"line":9,"column":0},"end":{"line":9,"column":1}},"10":{"start":{"line":11,"column":0},"end":{"line":11,"column":40}},"11":{"start":{"line":12,"column":0},"end":{"line":12,"column":20}},"12":{"start":{"line":13,"column":0},"end":{"line":13,"column":11}},"13":{"start":{"line":14,"column":0},"end":{"line":14,"column":21}},"14":{"start":{"line":15,"column":0},"end":{"line":15,"column":2}}},"s":{"0":0,"1":0,"2":0,"3":0,"5":0,"6":0,"7":0,"8":0,"10":0,"11":0,"12":0,"13":0,"14":0},"branchMap":{"0":{"type":"branch","line":1,"loc":{"start":{"line":1,"column":318},"end":{"line":15,"column":-245}},"locations":[{"start":{"line":1,"column":318},"end":{"line":15,"column":-245}}]}},"b":{"0":[0]},"fnMap":{"0":{"name":"(empty-report)","decl":{"start":{"line":1,"column":318},"end":{"line":15,"column":-245}},"loc":{"start":{"line":1,"column":318},"end":{"line":15,"column":-245}},"line":1}},"f":{"0":0}}
,"/root/Code/atlas-music-player/src/api/musicService.ts": {"path":"/root/Code/atlas-music-player/src/api/musicService.ts","all":false,"statementMap":{"17":{"start":{"line":18,"column":0},"end":{"line":18,"column":67}},"18":{"start":{"line":19,"column":0},"end":{"line":19,"column":51}},"20":{"start":{"line":21,"column":0},"end":{"line":21,"column":64}},"21":{"start":{"line":22,"column":0},"end":{"line":22,"column":31}},"22":{"start":{"line":23,"column":0},"end":{"line":23,"column":1}},"24":{"start":{"line":25,"column":0},"end":{"line":25,"column":81}},"25":{"start":{"line":26,"column":0},"end":{"line":26,"column":58}},"26":{"start":{"line":27,"column":0},"end":{"line":27,"column":68}},"27":{"start":{"line":28,"column":0},"end":{"line":28,"column":31}},"28":{"start":{"line":29,"column":0},"end":{"line":29,"column":1}}},"s":{"17":1,"18":5,"20":5,"21":5,"22":5,"24":1,"25":8,"26":8,"27":8,"28":8},"branchMap":{"0":{"type":"branch","line":18,"loc":{"start":{"line":18,"column":29},"end":{"line":23,"column":1}},"locations":[{"start":{"line":18,"column":29},"end":{"line":23,"column":1}}]},"1":{"type":"branch","line":21,"loc":{"start":{"line":21,"column":20},"end":{"line":21,"column":64}},"locations":[{"start":{"line":21,"column":20},"end":{"line":21,"column":64}}]},"2":{"type":"branch","line":25,"loc":{"start":{"line":25,"column":32},"end":{"line":29,"column":1}},"locations":[{"start":{"line":25,"column":32},"end":{"line":29,"column":1}}]},"3":{"type":"branch","line":27,"loc":{"start":{"line":27,"column":20},"end":{"line":27,"column":68}},"locations":[{"start":{"line":27,"column":20},"end":{"line":27,"column":68}}]}},"b":{"0":[5],"1":[0],"2":[8],"3":[0]},"fnMap":{"0":{"name":"fetchPlaylist","decl":{"start":{"line":18,"column":29},"end":{"line":23,"column":1}},"loc":{"start":{"line":18,"column":29},"end":{"line":23,"column":1}},"line":18},"1":{"name":"fetchSongDetails","decl":{"start":{"line":25,"column":32},"end":{"line":29,"column":1}},"loc":{"start":{"line":25,"column":32},"end":{"line":29,"column":1}},"line":25}},"f":{"0":5,"1":8}}
,"/root/Code/atlas-music-player/src/components/App.tsx": {"path":"/root/Code/atlas-music-player/src/components/App.tsx","all":true,"statementMap":{"0":{"start":{"line":1,"column":0},"end":{"line":1,"column":30}},"1":{"start":{"line":2,"column":0},"end":{"line":2,"column":40}},"3":{"start":{"line":4,"column":0},"end":{"line":4,"column":16}},"4":{"start":{"line":5,"column":0},"end":{"line":5,"column":10}},"5":{"start":{"line":6,"column":0},"end":{"line":6,"column":75}},"6":{"start":{"line":7,"column":0},"end":{"line":7,"column":21}},"7":{"start":{"line":8,"column":0},"end":{"line":8,"column":16}},"8":{"start":{"line":9,"column":0},"end":{"line":9,"column":10}},"10":{"start":{"line":11,"column":0},"end":{"line":11,"column":1}},"12":{"start":{"line":13,"column":0},"end":{"line":13,"column":19}}},"s":{"0":0,"1":0,"3":0,"4":0,"5":0,"6":0,"7":0,"8":0,"10":0,"12":0},"branchMap":{"0":{"type":"branch","line":1,"loc":{"start":{"line":1,"column":183},"end":{"line":13,"column":-164}},"locations":[{"start":{"line":1,"column":183},"end":{"line":13,"column":-164}}]}},"b":{"0":[0]},"fnMap":{"0":{"name":"(empty-report)","decl":{"start":{"line":1,"column":183},"end":{"line":13,"column":-164}},"loc":{"start":{"line":1,"column":183},"end":{"line":13,"column":-164}},"line":1}},"f":{"0":0}}
,"/root/Code/atlas-music-player/src/components/AudioPlayer.tsx": {"path":"/root/Code/atlas-music-player/src/components/AudioPlayer.tsx","all":false,"statementMap":{"0":{"start":{"line":1,"column":0},"end":{"line":1,"column":41}},"10":{"start":{"line":11,"column":0},"end":{"line":11,"column":84}},"11":{"start":{"line":12,"column":0},"end":{"line":12,"column":50}},"14":{"start":{"line":15,"column":0},"end":{"line":15,"column":19}},"15":{"start":{"line":16,"column":0},"end":{"line":16,"column":35}},"16":{"start":{"line":17,"column":0},"end":{"line":17,"column":32}},"18":{"start":{"line":19,"column":0},"end":{"line":19,"column":21}},"19":{"start":{"line":20,"column":0},"end":{"line":20,"column":17}},"21":{"start":{"line":22,"column":0},"end":{"line":22,"column":18}},"22":{"start":{"line":23,"column":0},"end":{"line":23,"column":68}},"23":{"start":{"line":24,"column":0},"end":{"line":24,"column":5}},"24":{"start":{"line":25,"column":0},"end":{"line":25,"column":13}},"27":{"start":{"line":28,"column":0},"end":{"line":28,"column":19}},"28":{"start":{"line":29,"column":0},"end":{"line":29,"column":18}},"29":{"start":{"line":30,"column":0},"end":{"line":30,"column":31}},"30":{"start":{"line":31,"column":0},"end":{"line":31,"column":12}},"31":{"start":{"line":32,"column":0},"end":{"line":32,"column":32}},"32":{"start":{"line":33,"column":0},"end":{"line":33,"column":5}},"33":{"start":{"line":34,"column":0},"end":{"line":34,"column":16}},"36":{"start":{"line":37,"column":0},"end":{"line":37,"column":19}},"37":{"start":{"line":38,"column":0},"end":{"line":38,"column":27}},"38":{"start":{"line":39,"column":0},"end":{"line":39,"column":45}},"39":{"start":{"line":40,"column":0},"end":{"line":40,"column":5}},"40":{"start":{"line":41,"column":0},"end":{"line":41,"column":15}},"43":{"start":{"line":44,"column":0},"end":{"line":44,"column":19}},"44":{"start":{"line":45,"column":0},"end":{"line":45,"column":27}},"45":{"start":{"line":46,"column":0},"end":{"line":46,"column":44}},"46":{"start":{"line":47,"column":0},"end":{"line":47,"column":5}},"47":{"start":{"line":48,"column":0},"end":{"line":48,"column":14}},"50":{"start":{"line":51,"column":0},"end":{"line":51,"column":19}},"51":{"start":{"line":52,"column":0},"end":{"line":52,"column":37}},"52":{"start":{"line":53,"column":0},"end":{"line":53,"column":46}},"54":{"start":{"line":55,"column":0},"end":{"line":55,"column":18}},"55":{"start":{"line":56,"column":0},"end":{"line":56,"column":51}},"56":{"start":{"line":57,"column":0},"end":{"line":57,"column":5}},"57":{"start":{"line":58,"column":0},"end":{"line":58,"column":24}},"59":{"start":{"line":60,"column":0},"end":{"line":60,"column":10}},"60":{"start":{"line":61,"column":0},"end":{"line":61,"column":26}},"61":{"start":{"line":62,"column":0},"end":{"line":62,"column":13}},"62":{"start":{"line":63,"column":0},"end":{"line":63,"column":18}},"63":{"start":{"line":64,"column":0},"end":{"line":64,"column":25}},"64":{"start":{"line":65,"column":0},"end":{"line":65,"column":8}},"65":{"start":{"line":66,"column":0},"end":{"line":66,"column":12}},"67":{"start":{"line":68,"column":0},"end":{"line":68,"column":1}},"69":{"start":{"line":70,"column":0},"end":{"line":70,"column":27}}},"s":{"0":1,"10":1,"11":11,"14":11,"15":6,"16":6,"18":6,"19":6,"21":6,"22":3,"23":3,"24":11,"27":11,"28":4,"29":2,"30":2,"31":2,"32":2,"33":11,"36":11,"37":4,"38":4,"39":4,"40":11,"43":11,"44":4,"45":4,"46":4,"47":11,"50":11,"51":11,"52":11,"54":11,"55":11,"56":11,"57":11,"59":11,"60":11,"61":11,"62":11,"63":11,"64":11,"65":11,"67":11,"69":1},"branchMap":{"0":{"type":"branch","line":11,"loc":{"start":{"line":11,"column":20},"end":{"line":68,"column":1}},"locations":[{"start":{"line":11,"column":20},"end":{"line":68,"column":1}}]},"1":{"type":"branch","line":15,"loc":{"start":{"line":15,"column":12},"end":{"line":25,"column":5}},"locations":[{"start":{"line":15,"column":12},"end":{"line":25,"column":5}}]},"2":{"type":"branch","line":17,"loc":{"start":{"line":17,"column":25},"end":{"line":17,"column":32}},"locations":[{"start":{"line":17,"column":25},"end":{"line":17,"column":32}}]},"3":{"type":"branch","line":22,"loc":{"start":{"line":22,"column":17},"end":{"line":24,"column":5}},"locations":[{"start":{"line":22,"column":17},"end":{"line":24,"column":5}}]},"4":{"type":"branch","line":28,"loc":{"start":{"line":28,"column":12},"end":{"line":34,"column":5}},"locations":[{"start":{"line":28,"column":12},"end":{"line":34,"column":5}}]},"5":{"type":"branch","line":29,"loc":{"start":{"line":29,"column":17},"end":{"line":33,"column":5}},"locations":[{"start":{"line":29,"column":17},"end":{"line":33,"column":5}}]},"6":{"type":"branch","line":37,"loc":{"start":{"line":37,"column":12},"end":{"line":41,"column":5}},"locations":[{"start":{"line":37,"column":12},"end":{"line":41,"column":5}}]},"7":{"type":"branch","line":44,"loc":{"start":{"line":44,"column":12},"end":{"line":48,"column":5}},"locations":[{"start":{"line":44,"column":12},"end":{"line":48,"column":5}}]},"8":{"type":"branch","line":51,"loc":{"start":{"line":51,"column":12},"end":{"line":58,"column":5}},"locations":[{"start":{"line":51,"column":12},"end":{"line":58,"column":5}}]},"9":{"type":"branch","line":55,"loc":{"start":{"line":55,"column":11},"end":{"line":57,"column":5}},"locations":[{"start":{"line":55,"column":11},"end":{"line":57,"column":5}}]}},"b":{"0":[11],"1":[6],"2":[0],"3":[3],"4":[4],"5":[2],"6":[4],"7":[4],"8":[11],"9":[11]},"fnMap":{"0":{"name":"AudioPlayer","decl":{"start":{"line":11,"column":20},"end":{"line":68,"column":1}},"loc":{"start":{"line":11,"column":20},"end":{"line":68,"column":1}},"line":11}},"f":{"0":11}}
,"/root/Code/atlas-music-player/src/components/Button.tsx": {"path":"/root/Code/atlas-music-player/src/components/Button.tsx","all":false,"statementMap":{"4":{"start":{"line":5,"column":0},"end":{"line":5,"column":48}},"5":{"start":{"line":6,"column":0},"end":{"line":6,"column":34}},"6":{"start":{"line":7,"column":0},"end":{"line":7,"column":1}}},"s":{"4":1,"5":1,"6":1},"branchMap":{"0":{"type":"branch","line":5,"loc":{"start":{"line":5,"column":7},"end":{"line":7,"column":1}},"locations":[{"start":{"line":5,"column":7},"end":{"line":7,"column":1}}]}},"b":{"0":[1]},"fnMap":{"0":{"name":"Button","decl":{"start":{"line":5,"column":7},"end":{"line":7,"column":1}},"loc":{"start":{"line":5,"column":7},"end":{"line":7,"column":1}},"line":5}},"f":{"0":1}}
,"/root/Code/atlas-music-player/src/components/CoverArt.tsx": {"path":"/root/Code/atlas-music-player/src/components/CoverArt.tsx","all":false,"statementMap":{"7":{"start":{"line":8,"column":0},"end":{"line":8,"column":54}},"23":{"start":{"line":24,"column":0},"end":{"line":24,"column":10}},"24":{"start":{"line":25,"column":0},"end":{"line":25,"column":8}},"25":{"start":{"line":26,"column":0},"end":{"line":26,"column":37}},"29":{"start":{"line":30,"column":0},"end":{"line":30,"column":10}},"30":{"start":{"line":31,"column":0},"end":{"line":31,"column":25}},"31":{"start":{"line":32,"column":0},"end":{"line":32,"column":23}},"32":{"start":{"line":33,"column":0},"end":{"line":33,"column":19}},"33":{"start":{"line":34,"column":0},"end":{"line":34,"column":24}},"34":{"start":{"line":35,"column":0},"end":{"line":35,"column":8}},"35":{"start":{"line":36,"column":0},"end":{"line":36,"column":10}},"37":{"start":{"line":38,"column":0},"end":{"line":38,"column":1}},"39":{"start":{"line":40,"column":0},"end":{"line":40,"column":24}}},"s":{"7":1,"23":23,"24":23,"25":23,"29":23,"30":23,"31":23,"32":23,"33":23,"34":23,"35":23,"37":23,"39":1},"branchMap":{"0":{"type":"branch","line":8,"loc":{"start":{"line":8,"column":17},"end":{"line":38,"column":1}},"locations":[{"start":{"line":8,"column":17},"end":{"line":38,"column":1}}]}},"b":{"0":[23]},"fnMap":{"0":{"name":"CoverArt","decl":{"start":{"line":8,"column":17},"end":{"line":38,"column":1}},"loc":{"start":{"line":8,"column":17},"end":{"line":38,"column":1}},"line":8}},"f":{"0":23}}
,"/root/Code/atlas-music-player/src/components/CurrentlyPlaying.tsx": {"path":"/root/Code/atlas-music-player/src/components/CurrentlyPlaying.tsx","all":false,"statementMap":{"0":{"start":{"line":1,"column":0},"end":{"line":1,"column":34}},"1":{"start":{"line":2,"column":0},"end":{"line":2,"column":35}},"2":{"start":{"line":3,"column":0},"end":{"line":3,"column":42}},"3":{"start":{"line":4,"column":0},"end":{"line":4,"column":46}},"26":{"start":{"line":27,"column":0},"end":{"line":27,"column":27}},"27":{"start":{"line":28,"column":0},"end":{"line":28,"column":7}},"28":{"start":{"line":29,"column":0},"end":{"line":29,"column":12}},"29":{"start":{"line":30,"column":0},"end":{"line":30,"column":16}},"30":{"start":{"line":31,"column":0},"end":{"line":31,"column":9}},"31":{"start":{"line":32,"column":0},"end":{"line":32,"column":14}},"32":{"start":{"line":33,"column":0},"end":{"line":33,"column":14}},"33":{"start":{"line":34,"column":0},"end":{"line":34,"column":10}},"34":{"start":{"line":35,"column":0},"end":{"line":35,"column":14}},"35":{"start":{"line":36,"column":0},"end":{"line":36,"column":13}},"36":{"start":{"line":37,"column":0},"end":{"line":37,"column":9}},"37":{"start":{"line":38,"column":0},"end":{"line":38,"column":16}},"38":{"start":{"line":39,"column":0},"end":{"line":39,"column":18}},"39":{"start":{"line":40,"column":0},"end":{"line":40,"column":16}},"40":{"start":{"line":41,"column":0},"end":{"line":41,"column":30}},"41":{"start":{"line":42,"column":0},"end":{"line":42,"column":10}},"42":{"start":{"line":43,"column":0},"end":{"line":43,"column":68}},"43":{"start":{"line":44,"column":0},"end":{"line":44,"column":50}},"44":{"start":{"line":45,"column":0},"end":{"line":45,"column":16}},"45":{"start":{"line":46,"column":0},"end":{"line":46,"column":52}},"46":{"start":{"line":47,"column":0},"end":{"line":47,"column":39}},"47":{"start":{"line":48,"column":0},"end":{"line":48,"column":8}},"48":{"start":{"line":49,"column":0},"end":{"line":49,"column":19}},"49":{"start":{"line":50,"column":0},"end":{"line":50,"column":29}},"50":{"start":{"line":51,"column":0},"end":{"line":51,"column":37}},"51":{"start":{"line":52,"column":0},"end":{"line":52,"column":33}},"52":{"start":{"line":53,"column":0},"end":{"line":53,"column":33}},"53":{"start":{"line":54,"column":0},"end":{"line":54,"column":25}},"54":{"start":{"line":55,"column":0},"end":{"line":55,"column":33}},"55":{"start":{"line":56,"column":0},"end":{"line":56,"column":31}},"56":{"start":{"line":57,"column":0},"end":{"line":57,"column":23}},"57":{"start":{"line":58,"column":0},"end":{"line":58,"column":37}},"58":{"start":{"line":59,"column":0},"end":{"line":59,"column":41}},"59":{"start":{"line":60,"column":0},"end":{"line":60,"column":8}},"60":{"start":{"line":61,"column":0},"end":{"line":61,"column":21}},"61":{"start":{"line":62,"column":0},"end":{"line":62,"column":23}},"62":{"start":{"line":63,"column":0},"end":{"line":63,"column":39}},"63":{"start":{"line":64,"column":0},"end":{"line":64,"column":8}},"64":{"start":{"line":65,"column":0},"end":{"line":65,"column":10}},"66":{"start":{"line":67,"column":0},"end":{"line":67,"column":1}},"68":{"start":{"line":69,"column":0},"end":{"line":69,"column":32}}},"s":{"0":1,"1":1,"2":1,"3":1,"26":1,"27":22,"28":22,"29":22,"30":22,"31":22,"32":22,"33":22,"34":22,"35":22,"36":22,"37":22,"38":22,"39":22,"40":22,"41":22,"42":22,"43":22,"44":22,"45":22,"46":22,"47":22,"48":22,"49":22,"50":22,"51":22,"52":22,"53":22,"54":22,"55":22,"56":22,"57":22,"58":22,"59":22,"60":22,"61":22,"62":22,"63":22,"64":22,"66":22,"68":1},"branchMap":{"0":{"type":"branch","line":27,"loc":{"start":{"line":27,"column":25},"end":{"line":67,"column":1}},"locations":[{"start":{"line":27,"column":25},"end":{"line":67,"column":1}}]},"1":{"type":"branch","line":44,"loc":{"start":{"line":44,"column":29},"end":{"line":44,"column":44}},"locations":[{"start":{"line":44,"column":29},"end":{"line":44,"column":44}}]},"2":{"type":"branch","line":44,"loc":{"start":{"line":44,"column":35},"end":{"line":44,"column":48}},"locations":[{"start":{"line":44,"column":35},"end":{"line":44,"column":48}}]},"3":{"type":"branch","line":46,"loc":{"start":{"line":46,"column":18},"end":{"line":46,"column":33}},"locations":[{"start":{"line":46,"column":18},"end":{"line":46,"column":33}}]},"4":{"type":"branch","line":46,"loc":{"start":{"line":46,"column":24},"end":{"line":46,"column":52}},"locations":[{"start":{"line":46,"column":24},"end":{"line":46,"column":52}}]},"5":{"type":"branch","line":47,"loc":{"start":{"line":47,"column":20},"end":{"line":47,"column":36}},"locations":[{"start":{"line":47,"column":20},"end":{"line":47,"column":36}}]},"6":{"type":"branch","line":47,"loc":{"start":{"line":47,"column":26},"end":{"line":47,"column":39}},"locations":[{"start":{"line":47,"column":26},"end":{"line":47,"column":39}}]}},"b":{"0":[22],"1":[11],"2":[11],"3":[11],"4":[11],"5":[11],"6":[11]},"fnMap":{"0":{"name":"CurrentlyPlaying","decl":{"start":{"line":27,"column":25},"end":{"line":67,"column":1}},"loc":{"start":{"line":27,"column":25},"end":{"line":67,"column":1}},"line":27}},"f":{"0":22}}
,"/root/Code/atlas-music-player/src/components/Footer.tsx": {"path":"/root/Code/atlas-music-player/src/components/Footer.tsx","all":true,"statementMap":{"0":{"start":{"line":1,"column":0},"end":{"line":1,"column":34}},"1":{"start":{"line":2,"column":0},"end":{"line":2,"column":40}},"2":{"start":{"line":3,"column":0},"end":{"line":3,"column":75}},"3":{"start":{"line":4,"column":0},"end":{"line":4,"column":1}}},"s":{"0":0,"1":0,"2":0,"3":0},"branchMap":{"0":{"type":"branch","line":1,"loc":{"start":{"line":1,"column":85},"end":{"line":4,"column":-98}},"locations":[{"start":{"line":1,"column":85},"end":{"line":4,"column":-98}}]}},"b":{"0":[0]},"fnMap":{"0":{"name":"(empty-report)","decl":{"start":{"line":1,"column":85},"end":{"line":4,"column":-98}},"loc":{"start":{"line":1,"column":85},"end":{"line":4,"column":-98}},"line":1}},"f":{"0":0}}
,"/root/Code/atlas-music-player/src/components/MusicPlayer.tsx": {"path":"/root/Code/atlas-music-player/src/components/MusicPlayer.tsx","all":false,"statementMap":{"0":{"start":{"line":1,"column":0},"end":{"line":1,"column":50}},"1":{"start":{"line":2,"column":0},"end":{"line":2,"column":34}},"2":{"start":{"line":3,"column":0},"end":{"line":3,"column":40}},"3":{"start":{"line":4,"column":0},"end":{"line":4,"column":44}},"4":{"start":{"line":5,"column":0},"end":{"line":5,"column":96}},"6":{"start":{"line":7,"column":0},"end":{"line":7,"column":24}},"7":{"start":{"line":8,"column":0},"end":{"line":8,"column":63}},"8":{"start":{"line":9,"column":0},"end":{"line":9,"column":75}},"10":{"start":{"line":11,"column":0},"end":{"line":11,"column":51}},"20":{"start":{"line":21,"column":0},"end":{"line":21,"column":74}},"21":{"start":{"line":22,"column":0},"end":{"line":22,"column":22}},"22":{"start":{"line":23,"column":0},"end":{"line":23,"column":21}},"23":{"start":{"line":24,"column":0},"end":{"line":24,"column":15}},"24":{"start":{"line":25,"column":0},"end":{"line":25,"column":21}},"25":{"start":{"line":26,"column":0},"end":{"line":26,"column":23}},"26":{"start":{"line":27,"column":0},"end":{"line":27,"column":5}},"29":{"start":{"line":30,"column":0},"end":{"line":30,"column":19}},"30":{"start":{"line":31,"column":0},"end":{"line":31,"column":38}},"31":{"start":{"line":32,"column":0},"end":{"line":32,"column":11}},"32":{"start":{"line":33,"column":0},"end":{"line":33,"column":27}},"33":{"start":{"line":34,"column":0},"end":{"line":34,"column":43}},"34":{"start":{"line":35,"column":0},"end":{"line":35,"column":26}},"36":{"start":{"line":37,"column":0},"end":{"line":37,"column":30}},"38":{"start":{"line":39,"column":0},"end":{"line":39,"column":77}},"39":{"start":{"line":40,"column":0},"end":{"line":40,"column":9}},"40":{"start":{"line":41,"column":0},"end":{"line":41,"column":21}},"41":{"start":{"line":42,"column":0},"end":{"line":42,"column":56}},"42":{"start":{"line":43,"column":0},"end":{"line":43,"column":17}},"43":{"start":{"line":44,"column":0},"end":{"line":44,"column":28}},"44":{"start":{"line":45,"column":0},"end":{"line":45,"column":7}},"45":{"start":{"line":46,"column":0},"end":{"line":46,"column":5}},"47":{"start":{"line":48,"column":0},"end":{"line":48,"column":19}},"48":{"start":{"line":49,"column":0},"end":{"line":49,"column":9}},"51":{"start":{"line":52,"column":0},"end":{"line":52,"column":19}},"52":{"start":{"line":53,"column":0},"end":{"line":53,"column":45}},"54":{"start":{"line":55,"column":0},"end":{"line":55,"column":41}},"55":{"start":{"line":56,"column":0},"end":{"line":56,"column":11}},"56":{"start":{"line":57,"column":0},"end":{"line":57,"column":27}},"57":{"start":{"line":58,"column":0},"end":{"line":58,"column":76}},"58":{"start":{"line":59,"column":0},"end":{"line":59,"column":32}},"59":{"start":{"line":60,"column":0},"end":{"line":60,"column":21}},"60":{"start":{"line":61,"column":0},"end":{"line":61,"column":60}},"61":{"start":{"line":62,"column":0},"end":{"line":62,"column":17}},"62":{"start":{"line":63,"column":0},"end":{"line":63,"column":28}},"63":{"start":{"line":64,"column":0},"end":{"line":64,"column":7}},"64":{"start":{"line":65,"column":0},"end":{"line":65,"column":5}},"66":{"start":{"line":67,"column":0},"end":{"line":67,"column":22}},"67":{"start":{"line":68,"column":0},"end":{"line":68,"column":72}},"69":{"start":{"line":70,"column":0},"end":{"line":70,"column":19}},"70":{"start":{"line":71,"column":0},"end":{"line":71,"column":82}},"71":{"start":{"line":72,"column":0},"end":{"line":72,"column":20}},"73":{"start":{"line":74,"column":0},"end":{"line":74,"column":57}},"74":{"start":{"line":75,"column":0},"end":{"line":75,"column":43}},"75":{"start":{"line":76,"column":0},"end":{"line":76,"column":5}},"76":{"start":{"line":77,"column":0},"end":{"line":77,"column":44}},"77":{"start":{"line":78,"column":0},"end":{"line":78,"column":63}},"79":{"start":{"line":80,"column":0},"end":{"line":80,"column":36}},"80":{"start":{"line":81,"column":0},"end":{"line":81,"column":28}},"82":{"start":{"line":83,"column":0},"end":{"line":83,"column":31}},"83":{"start":{"line":84,"column":0},"end":{"line":84,"column":14}},"84":{"start":{"line":85,"column":0},"end":{"line":85,"column":62}},"85":{"start":{"line":86,"column":0},"end":{"line":86,"column":21}},"86":{"start":{"line":87,"column":0},"end":{"line":87,"column":8}},"87":{"start":{"line":88,"column":0},"end":{"line":88,"column":4}},"89":{"start":{"line":90,"column":0},"end":{"line":90,"column":32}},"90":{"start":{"line":91,"column":0},"end":{"line":91,"column":36}},"91":{"start":{"line":92,"column":0},"end":{"line":92,"column":26}},"92":{"start":{"line":93,"column":0},"end":{"line":93,"column":12}},"93":{"start":{"line":94,"column":0},"end":{"line":94,"column":25}},"94":{"start":{"line":95,"column":0},"end":{"line":95,"column":5}},"95":{"start":{"line":96,"column":0},"end":{"line":96,"column":4}},"97":{"start":{"line":98,"column":0},"end":{"line":98,"column":34}},"98":{"start":{"line":99,"column":0},"end":{"line":99,"column":21}},"99":{"start":{"line":100,"column":0},"end":{"line":100,"column":64}},"100":{"start":{"line":101,"column":0},"end":{"line":101,"column":13}},"101":{"start":{"line":102,"column":0},"end":{"line":102,"column":5}},"103":{"start":{"line":104,"column":0},"end":{"line":104,"column":31}},"104":{"start":{"line":105,"column":0},"end":{"line":105,"column":14}},"105":{"start":{"line":106,"column":0},"end":{"line":106,"column":62}},"106":{"start":{"line":107,"column":0},"end":{"line":107,"column":21}},"107":{"start":{"line":108,"column":0},"end":{"line":108,"column":8}},"108":{"start":{"line":109,"column":0},"end":{"line":109,"column":3}},"110":{"start":{"line":111,"column":0},"end":{"line":111,"column":35}},"111":{"start":{"line":112,"column":0},"end":{"line":112,"column":92}},"112":{"start":{"line":113,"column":0},"end":{"line":113,"column":38}},"113":{"start":{"line":114,"column":0},"end":{"line":114,"column":64}},"114":{"start":{"line":115,"column":0},"end":{"line":115,"column":13}},"115":{"start":{"line":116,"column":0},"end":{"line":116,"column":5}},"117":{"start":{"line":118,"column":0},"end":{"line":118,"column":89}},"118":{"start":{"line":119,"column":0},"end":{"line":119,"column":31}},"119":{"start":{"line":120,"column":0},"end":{"line":120,"column":14}},"120":{"start":{"line":121,"column":0},"end":{"line":121,"column":35}},"121":{"start":{"line":122,"column":0},"end":{"line":122,"column":21}},"122":{"start":{"line":123,"column":0},"end":{"line":123,"column":8}},"123":{"start":{"line":124,"column":0},"end":{"line":124,"column":3}},"125":{"start":{"line":126,"column":0},"end":{"line":126,"column":35}},"126":{"start":{"line":127,"column":0},"end":{"line":127,"column":30}},"127":{"start":{"line":128,"column":0},"end":{"line":128,"column":35}},"128":{"start":{"line":129,"column":0},"end":{"line":129,"column":55}},"129":{"start":{"line":130,"column":0},"end":{"line":130,"column":53}},"130":{"start":{"line":131,"column":0},"end":{"line":131,"column":55}},"131":{"start":{"line":132,"column":0},"end":{"line":132,"column":29}},"132":{"start":{"line":133,"column":0},"end":{"line":133,"column":7}},"133":{"start":{"line":134,"column":0},"end":{"line":134,"column":7}},"134":{"start":{"line":135,"column":0},"end":{"line":135,"column":4}},"136":{"start":{"line":137,"column":0},"end":{"line":137,"column":37}},"137":{"start":{"line":138,"column":0},"end":{"line":138,"column":31}},"138":{"start":{"line":139,"column":0},"end":{"line":139,"column":14}},"139":{"start":{"line":140,"column":0},"end":{"line":140,"column":36}},"140":{"start":{"line":141,"column":0},"end":{"line":141,"column":8}},"141":{"start":{"line":142,"column":0},"end":{"line":142,"column":4}},"143":{"start":{"line":144,"column":0},"end":{"line":144,"column":50}},"144":{"start":{"line":145,"column":0},"end":{"line":145,"column":31}},"145":{"start":{"line":146,"column":0},"end":{"line":146,"column":14}},"146":{"start":{"line":147,"column":0},"end":{"line":147,"column":48}},"147":{"start":{"line":148,"column":0},"end":{"line":148,"column":8}},"148":{"start":{"line":149,"column":0},"end":{"line":149,"column":4}},"150":{"start":{"line":151,"column":0},"end":{"line":151,"column":31}},"151":{"start":{"line":152,"column":0},"end":{"line":152,"column":21}},"152":{"start":{"line":153,"column":0},"end":{"line":153,"column":64}},"153":{"start":{"line":154,"column":0},"end":{"line":154,"column":12}},"154":{"start":{"line":155,"column":0},"end":{"line":155,"column":23}},"155":{"start":{"line":156,"column":0},"end":{"line":156,"column":5}},"156":{"start":{"line":157,"column":0},"end":{"line":157,"column":4}},"158":{"start":{"line":159,"column":0},"end":{"line":159,"column":10}},"159":{"start":{"line":160,"column":0},"end":{"line":160,"column":193}},"160":{"start":{"line":161,"column":0},"end":{"line":161,"column":23}},"161":{"start":{"line":162,"column":0},"end":{"line":162,"column":26}},"162":{"start":{"line":163,"column":0},"end":{"line":163,"column":43}},"163":{"start":{"line":164,"column":0},"end":{"line":164,"column":51}},"164":{"start":{"line":165,"column":0},"end":{"line":165,"column":37}},"165":{"start":{"line":166,"column":0},"end":{"line":166,"column":54}},"166":{"start":{"line":167,"column":0},"end":{"line":167,"column":18}},"167":{"start":{"line":168,"column":0},"end":{"line":168,"column":36}},"168":{"start":{"line":169,"column":0},"end":{"line":169,"column":12}},"169":{"start":{"line":170,"column":0},"end":{"line":170,"column":47}},"170":{"start":{"line":171,"column":0},"end":{"line":171,"column":42}},"171":{"start":{"line":172,"column":0},"end":{"line":172,"column":56}},"172":{"start":{"line":173,"column":0},"end":{"line":173,"column":39}},"173":{"start":{"line":174,"column":0},"end":{"line":174,"column":31}},"174":{"start":{"line":175,"column":0},"end":{"line":175,"column":41}},"175":{"start":{"line":176,"column":0},"end":{"line":176,"column":45}},"176":{"start":{"line":177,"column":0},"end":{"line":177,"column":43}},"177":{"start":{"line":178,"column":0},"end":{"line":178,"column":8}},"178":{"start":{"line":179,"column":0},"end":{"line":179,"column":15}},"179":{"start":{"line":180,"column":0},"end":{"line":180,"column":24}},"180":{"start":{"line":181,"column":0},"end":{"line":181,"column":51}},"181":{"start":{"line":182,"column":0},"end":{"line":182,"column":61}},"182":{"start":{"line":183,"column":0},"end":{"line":183,"column":18}},"183":{"start":{"line":184,"column":0},"end":{"line":184,"column":31}},"184":{"start":{"line":185,"column":0},"end":{"line":185,"column":12}},"185":{"start":{"line":186,"column":0},"end":{"line":186,"column":8}},"186":{"start":{"line":187,"column":0},"end":{"line":187,"column":27}},"187":{"start":{"line":188,"column":0},"end":{"line":188,"column":21}},"188":{"start":{"line":189,"column":0},"end":{"line":189,"column":43}},"189":{"start":{"line":190,"column":0},"end":{"line":190,"column":39}},"190":{"start":{"line":191,"column":0},"end":{"line":191,"column":45}},"191":{"start":{"line":192,"column":0},"end":{"line":192,"column":68}},"192":{"start":{"line":193,"column":0},"end":{"line":193,"column":31}},"193":{"start":{"line":194,"column":0},"end":{"line":194,"column":10}},"195":{"start":{"line":196,"column":0},"end":{"line":196,"column":10}},"197":{"start":{"line":198,"column":0},"end":{"line":198,"column":1}},"199":{"start":{"line":200,"column":0},"end":{"line":200,"column":27}}},"s":{"0":1,"1":1,"2":1,"3":1,"4":1,"6":24,"7":24,"8":24,"10":24,"20":24,"21":24,"22":24,"23":24,"24":24,"25":24,"26":24,"29":24,"30":5,"31":5,"32":5,"33":5,"34":5,"36":5,"38":5,"39":5,"40":5,"41":0,"42":5,"43":5,"44":5,"45":5,"47":5,"48":24,"51":24,"52":13,"54":8,"55":8,"56":8,"57":8,"58":8,"59":8,"60":0,"61":8,"62":8,"63":8,"64":8,"66":8,"67":24,"69":24,"70":12,"71":24,"73":24,"74":24,"75":24,"76":24,"77":24,"79":24,"80":1,"82":1,"83":1,"84":1,"85":1,"86":1,"87":1,"89":24,"90":2,"91":0,"92":2,"93":2,"94":2,"95":2,"97":24,"98":2,"99":0,"100":0,"101":0,"103":2,"104":2,"105":2,"106":2,"107":2,"108":2,"110":24,"111":0,"112":0,"113":0,"114":0,"115":0,"117":0,"118":0,"119":0,"120":0,"121":0,"122":0,"123":0,"125":24,"126":0,"127":0,"128":0,"129":0,"130":0,"131":0,"132":0,"133":0,"134":0,"136":24,"137":0,"138":0,"139":0,"140":0,"141":0,"143":24,"144":0,"145":0,"146":0,"147":0,"148":0,"150":24,"151":0,"152":0,"153":0,"154":0,"155":0,"156":0,"158":24,"159":24,"160":24,"161":24,"162":24,"163":24,"164":24,"165":24,"166":2,"167":2,"168":2,"169":24,"170":24,"171":24,"172":24,"173":24,"174":24,"175":24,"176":24,"177":24,"178":24,"179":24,"180":24,"181":24,"182":1,"183":1,"184":1,"185":24,"186":24,"187":12,"188":12,"189":12,"190":12,"191":12,"192":12,"193":12,"195":24,"197":24,"199":1},"branchMap":{"0":{"type":"branch","line":7,"loc":{"start":{"line":7,"column":0},"end":{"line":198,"column":1}},"locations":[{"start":{"line":7,"column":0},"end":{"line":198,"column":1}}]},"1":{"type":"branch","line":187,"loc":{"start":{"line":187,"column":7},"end":{"line":187,"column":27}},"locations":[{"start":{"line":187,"column":7},"end":{"line":187,"column":27}}]},"2":{"type":"branch","line":187,"loc":{"start":{"line":187,"column":20},"end":{"line":194,"column":10}},"locations":[{"start":{"line":187,"column":20},"end":{"line":194,"column":10}}]},"3":{"type":"branch","line":30,"loc":{"start":{"line":30,"column":12},"end":{"line":49,"column":5}},"locations":[{"start":{"line":30,"column":12},"end":{"line":49,"column":5}}]},"4":{"type":"branch","line":31,"loc":{"start":{"line":31,"column":25},"end":{"line":46,"column":5}},"locations":[{"start":{"line":31,"column":25},"end":{"line":46,"column":5}}]},"5":{"type":"branch","line":41,"loc":{"start":{"line":41,"column":6},"end":{"line":43,"column":8}},"locations":[{"start":{"line":41,"column":6},"end":{"line":43,"column":8}}]},"6":{"type":"branch","line":39,"loc":{"start":{"line":39,"column":27},"end":{"line":39,"column":75}},"locations":[{"start":{"line":39,"column":27},"end":{"line":39,"column":75}}]},"7":{"type":"branch","line":52,"loc":{"start":{"line":52,"column":12},"end":{"line":68,"column":5}},"locations":[{"start":{"line":52,"column":12},"end":{"line":68,"column":5}}]},"8":{"type":"branch","line":53,"loc":{"start":{"line":53,"column":38},"end":{"line":53,"column":45}},"locations":[{"start":{"line":53,"column":38},"end":{"line":53,"column":45}}]},"9":{"type":"branch","line":53,"loc":{"start":{"line":53,"column":38},"end":{"line":67,"column":22}},"locations":[{"start":{"line":53,"column":38},"end":{"line":67,"column":22}}]},"10":{"type":"branch","line":55,"loc":{"start":{"line":55,"column":28},"end":{"line":65,"column":5}},"locations":[{"start":{"line":55,"column":28},"end":{"line":65,"column":5}}]},"11":{"type":"branch","line":60,"loc":{"start":{"line":60,"column":6},"end":{"line":62,"column":8}},"locations":[{"start":{"line":60,"column":6},"end":{"line":62,"column":8}}]},"12":{"type":"branch","line":70,"loc":{"start":{"line":70,"column":12},"end":{"line":72,"column":5}},"locations":[{"start":{"line":70,"column":12},"end":{"line":72,"column":5}}]},"13":{"type":"branch","line":74,"loc":{"start":{"line":74,"column":46},"end":{"line":75,"column":43}},"locations":[{"start":{"line":74,"column":46},"end":{"line":75,"column":43}}]},"14":{"type":"branch","line":80,"loc":{"start":{"line":80,"column":29},"end":{"line":88,"column":4}},"locations":[{"start":{"line":80,"column":29},"end":{"line":88,"column":4}}]},"15":{"type":"branch","line":81,"loc":{"start":{"line":81,"column":21},"end":{"line":81,"column":28}},"locations":[{"start":{"line":81,"column":21},"end":{"line":81,"column":28}}]},"16":{"type":"branch","line":83,"loc":{"start":{"line":83,"column":21},"end":{"line":87,"column":6}},"locations":[{"start":{"line":83,"column":21},"end":{"line":87,"column":6}}]},"17":{"type":"branch","line":85,"loc":{"start":{"line":85,"column":53},"end":{"line":85,"column":62}},"locations":[{"start":{"line":85,"column":53},"end":{"line":85,"column":62}}]},"18":{"type":"branch","line":90,"loc":{"start":{"line":90,"column":25},"end":{"line":96,"column":4}},"locations":[{"start":{"line":90,"column":25},"end":{"line":96,"column":4}}]},"19":{"type":"branch","line":91,"loc":{"start":{"line":91,"column":35},"end":{"line":93,"column":11}},"locations":[{"start":{"line":91,"column":35},"end":{"line":93,"column":11}}]},"20":{"type":"branch","line":98,"loc":{"start":{"line":98,"column":27},"end":{"line":109,"column":3}},"locations":[{"start":{"line":98,"column":27},"end":{"line":109,"column":3}}]},"21":{"type":"branch","line":99,"loc":{"start":{"line":99,"column":20},"end":{"line":102,"column":5}},"locations":[{"start":{"line":99,"column":20},"end":{"line":102,"column":5}}]},"22":{"type":"branch","line":104,"loc":{"start":{"line":104,"column":21},"end":{"line":108,"column":6}},"locations":[{"start":{"line":104,"column":21},"end":{"line":108,"column":6}}]},"23":{"type":"branch","line":106,"loc":{"start":{"line":106,"column":53},"end":{"line":106,"column":62}},"locations":[{"start":{"line":106,"column":53},"end":{"line":106,"column":62}}]},"24":{"type":"branch","line":166,"loc":{"start":{"line":166,"column":21},"end":{"line":169,"column":12}},"locations":[{"start":{"line":166,"column":21},"end":{"line":169,"column":12}}]},"25":{"type":"branch","line":166,"loc":{"start":{"line":166,"column":44},"end":{"line":169,"column":10}},"locations":[{"start":{"line":166,"column":44},"end":{"line":169,"column":10}}]},"26":{"type":"branch","line":182,"loc":{"start":{"line":182,"column":22},"end":{"line":185,"column":12}},"locations":[{"start":{"line":182,"column":22},"end":{"line":185,"column":12}}]},"27":{"type":"branch","line":182,"loc":{"start":{"line":182,"column":51},"end":{"line":185,"column":10}},"locations":[{"start":{"line":182,"column":51},"end":{"line":185,"column":10}}]}},"b":{"0":[24],"1":[12],"2":[12],"3":[5],"4":[5],"5":[0],"6":[4],"7":[13],"8":[5],"9":[8],"10":[8],"11":[0],"12":[12],"13":[24],"14":[1],"15":[0],"16":[1],"17":[0],"18":[2],"19":[0],"20":[2],"21":[0],"22":[2],"23":[0],"24":[2],"25":[2],"26":[1],"27":[1]},"fnMap":{"0":{"name":"MusicPlayer","decl":{"start":{"line":7,"column":0},"end":{"line":198,"column":1}},"loc":{"start":{"line":7,"column":0},"end":{"line":198,"column":1}},"line":7},"1":{"name":"loadPlaylist","decl":{"start":{"line":31,"column":25},"end":{"line":46,"column":5}},"loc":{"start":{"line":31,"column":25},"end":{"line":46,"column":5}},"line":31},"2":{"name":"loadSongDetails","decl":{"start":{"line":55,"column":28},"end":{"line":65,"column":5}},"loc":{"start":{"line":55,"column":28},"end":{"line":65,"column":5}},"line":55},"3":{"name":"handlePreviousSong","decl":{"start":{"line":80,"column":29},"end":{"line":88,"column":4}},"loc":{"start":{"line":80,"column":29},"end":{"line":88,"column":4}},"line":80},"4":{"name":"handleNextSong","decl":{"start":{"line":90,"column":25},"end":{"line":96,"column":4}},"loc":{"start":{"line":90,"column":25},"end":{"line":96,"column":4}},"line":90},"5":{"name":"handleLinearNext","decl":{"start":{"line":98,"column":27},"end":{"line":109,"column":3}},"loc":{"start":{"line":98,"column":27},"end":{"line":109,"column":3}},"line":98},"6":{"name":"handleShuffleNext","decl":{"start":{"line":111,"column":28},"end":{"line":124,"column":3}},"loc":{"start":{"line":111,"column":28},"end":{"line":124,"column":3}},"line":111},"7":{"name":"handleSpeedChange","decl":{"start":{"line":126,"column":28},"end":{"line":135,"column":4}},"loc":{"start":{"line":126,"column":28},"end":{"line":135,"column":4}},"line":126},"8":{"name":"handleShuffleToggle","decl":{"start":{"line":137,"column":30},"end":{"line":142,"column":4}},"loc":{"start":{"line":137,"column":30},"end":{"line":142,"column":4}},"line":137},"9":{"name":"handleVolumeChange","decl":{"start":{"line":144,"column":29},"end":{"line":149,"column":4}},"loc":{"start":{"line":144,"column":29},"end":{"line":149,"column":4}},"line":144},"10":{"name":"handleSongEnd","decl":{"start":{"line":151,"column":24},"end":{"line":157,"column":4}},"loc":{"start":{"line":151,"column":24},"end":{"line":157,"column":4}},"line":151},"11":{"name":"onPlayPause","decl":{"start":{"line":166,"column":21},"end":{"line":169,"column":12}},"loc":{"start":{"line":166,"column":21},"end":{"line":169,"column":12}},"line":166},"12":{"name":"onSelectSong","decl":{"start":{"line":182,"column":22},"end":{"line":185,"column":12}},"loc":{"start":{"line":182,"column":22},"end":{"line":185,"column":12}},"line":182}},"f":{"0":24,"1":5,"2":8,"3":1,"4":2,"5":2,"6":0,"7":0,"8":0,"9":0,"10":0,"11":2,"12":1}}
,"/root/Code/atlas-music-player/src/components/PlayControls.tsx": {"path":"/root/Code/atlas-music-player/src/components/PlayControls.tsx","all":false,"statementMap":{"0":{"start":{"line":1,"column":0},"end":{"line":1,"column":73}},"15":{"start":{"line":16,"column":0},"end":{"line":16,"column":23}},"16":{"start":{"line":17,"column":0},"end":{"line":17,"column":12}},"17":{"start":{"line":18,"column":0},"end":{"line":18,"column":16}},"18":{"start":{"line":19,"column":0},"end":{"line":19,"column":14}},"19":{"start":{"line":20,"column":0},"end":{"line":20,"column":14}},"20":{"start":{"line":21,"column":0},"end":{"line":21,"column":10}},"21":{"start":{"line":22,"column":0},"end":{"line":22,"column":14}},"22":{"start":{"line":23,"column":0},"end":{"line":23,"column":13}},"23":{"start":{"line":24,"column":0},"end":{"line":24,"column":9}},"24":{"start":{"line":25,"column":0},"end":{"line":25,"column":16}},"25":{"start":{"line":26,"column":0},"end":{"line":26,"column":17}},"26":{"start":{"line":27,"column":0},"end":{"line":27,"column":26}},"27":{"start":{"line":28,"column":0},"end":{"line":28,"column":10}},"28":{"start":{"line":29,"column":0},"end":{"line":29,"column":65}},"29":{"start":{"line":30,"column":0},"end":{"line":30,"column":13}},"30":{"start":{"line":31,"column":0},"end":{"line":31,"column":38}},"31":{"start":{"line":32,"column":0},"end":{"line":32,"column":31}},"32":{"start":{"line":33,"column":0},"end":{"line":33,"column":33}},"34":{"start":{"line":35,"column":0},"end":{"line":35,"column":24}},"35":{"start":{"line":36,"column":0},"end":{"line":36,"column":15}},"36":{"start":{"line":37,"column":0},"end":{"line":37,"column":13}},"37":{"start":{"line":38,"column":0},"end":{"line":38,"column":95}},"38":{"start":{"line":39,"column":0},"end":{"line":39,"column":28}},"39":{"start":{"line":40,"column":0},"end":{"line":40,"column":31}},"40":{"start":{"line":41,"column":0},"end":{"line":41,"column":29}},"42":{"start":{"line":43,"column":0},"end":{"line":43,"column":18}},"43":{"start":{"line":44,"column":0},"end":{"line":44,"column":15}},"44":{"start":{"line":45,"column":0},"end":{"line":45,"column":13}},"45":{"start":{"line":46,"column":0},"end":{"line":46,"column":88}},"46":{"start":{"line":47,"column":0},"end":{"line":47,"column":29}},"47":{"start":{"line":48,"column":0},"end":{"line":48,"column":49}},"49":{"start":{"line":50,"column":0},"end":{"line":50,"column":40}},"50":{"start":{"line":51,"column":0},"end":{"line":51,"column":15}},"51":{"start":{"line":52,"column":0},"end":{"line":52,"column":13}},"52":{"start":{"line":53,"column":0},"end":{"line":53,"column":91}},"53":{"start":{"line":54,"column":0},"end":{"line":54,"column":24}},"54":{"start":{"line":55,"column":0},"end":{"line":55,"column":27}},"55":{"start":{"line":56,"column":0},"end":{"line":56,"column":25}},"57":{"start":{"line":58,"column":0},"end":{"line":58,"column":23}},"58":{"start":{"line":59,"column":0},"end":{"line":59,"column":15}},"59":{"start":{"line":60,"column":0},"end":{"line":60,"column":13}},"60":{"start":{"line":61,"column":0},"end":{"line":61,"column":104}},"61":{"start":{"line":62,"column":0},"end":{"line":62,"column":33}},"62":{"start":{"line":63,"column":0},"end":{"line":63,"column":28}},"64":{"start":{"line":65,"column":0},"end":{"line":65,"column":19}},"65":{"start":{"line":66,"column":0},"end":{"line":66,"column":15}},"66":{"start":{"line":67,"column":0},"end":{"line":67,"column":10}},"68":{"start":{"line":69,"column":0},"end":{"line":69,"column":1}},"70":{"start":{"line":71,"column":0},"end":{"line":71,"column":28}}},"s":{"0":1,"15":1,"16":22,"17":22,"18":22,"19":22,"20":22,"21":22,"22":22,"23":22,"24":22,"25":22,"26":22,"27":22,"28":22,"29":22,"30":22,"31":22,"32":22,"34":22,"35":22,"36":22,"37":22,"38":22,"39":22,"40":22,"42":22,"43":22,"44":22,"45":22,"46":22,"47":22,"49":22,"50":22,"51":22,"52":22,"53":22,"54":22,"55":22,"57":22,"58":22,"59":22,"60":22,"61":22,"62":22,"64":22,"65":22,"66":22,"68":22,"70":1},"branchMap":{"0":{"type":"branch","line":16,"loc":{"start":{"line":16,"column":21},"end":{"line":69,"column":1}},"locations":[{"start":{"line":16,"column":21},"end":{"line":69,"column":1}}]},"1":{"type":"branch","line":38,"loc":{"start":{"line":38,"column":42},"end":{"line":38,"column":90}},"locations":[{"start":{"line":38,"column":42},"end":{"line":38,"column":90}}]},"2":{"type":"branch","line":38,"loc":{"start":{"line":38,"column":56},"end":{"line":38,"column":92}},"locations":[{"start":{"line":38,"column":56},"end":{"line":38,"column":92}}]},"3":{"type":"branch","line":48,"loc":{"start":{"line":48,"column":20},"end":{"line":48,"column":42}},"locations":[{"start":{"line":48,"column":20},"end":{"line":48,"column":42}}]},"4":{"type":"branch","line":48,"loc":{"start":{"line":48,"column":32},"end":{"line":48,"column":49}},"locations":[{"start":{"line":48,"column":32},"end":{"line":48,"column":49}}]},"5":{"type":"branch","line":50,"loc":{"start":{"line":50,"column":9},"end":{"line":50,"column":32}},"locations":[{"start":{"line":50,"column":9},"end":{"line":50,"column":32}}]},"6":{"type":"branch","line":50,"loc":{"start":{"line":50,"column":27},"end":{"line":50,"column":40}},"locations":[{"start":{"line":50,"column":27},"end":{"line":50,"column":40}}]},"7":{"type":"branch","line":53,"loc":{"start":{"line":53,"column":42},"end":{"line":53,"column":86}},"locations":[{"start":{"line":53,"column":42},"end":{"line":53,"column":86}}]},"8":{"type":"branch","line":53,"loc":{"start":{"line":53,"column":52},"end":{"line":53,"column":88}},"locations":[{"start":{"line":53,"column":52},"end":{"line":53,"column":88}}]},"9":{"type":"branch","line":61,"loc":{"start":{"line":61,"column":41},"end":{"line":61,"column":99}},"locations":[{"start":{"line":61,"column":41},"end":{"line":61,"column":99}}]}},"b":{"0":[22],"1":[14],"2":[8],"3":[8],"4":[14],"5":[8],"6":[14],"7":[15],"8":[7],"9":[0]},"fnMap":{"0":{"name":"PlayControls","decl":{"start":{"line":16,"column":21},"end":{"line":69,"column":1}},"loc":{"start":{"line":16,"column":21},"end":{"line":69,"column":1}},"line":16}},"f":{"0":22}}
,"/root/Code/atlas-music-player/src/components/Playlist.tsx": {"path":"/root/Code/atlas-music-player/src/components/Playlist.tsx","all":false,"statementMap":{"1":{"start":{"line":2,"column":0},"end":{"line":2,"column":42}},"9":{"start":{"line":10,"column":0},"end":{"line":10,"column":77}},"10":{"start":{"line":11,"column":0},"end":{"line":11,"column":10}},"11":{"start":{"line":12,"column":0},"end":{"line":12,"column":121}},"12":{"start":{"line":13,"column":0},"end":{"line":13,"column":58}},"13":{"start":{"line":14,"column":0},"end":{"line":14,"column":26}},"14":{"start":{"line":15,"column":0},"end":{"line":15,"column":21}},"15":{"start":{"line":16,"column":0},"end":{"line":16,"column":23}},"16":{"start":{"line":17,"column":0},"end":{"line":17,"column":32}},"17":{"start":{"line":18,"column":0},"end":{"line":18,"column":34}},"18":{"start":{"line":19,"column":0},"end":{"line":19,"column":36}},"19":{"start":{"line":20,"column":0},"end":{"line":20,"column":48}},"20":{"start":{"line":21,"column":0},"end":{"line":21,"column":47}},"21":{"start":{"line":22,"column":0},"end":{"line":22,"column":10}},"22":{"start":{"line":23,"column":0},"end":{"line":23,"column":9}},"23":{"start":{"line":24,"column":0},"end":{"line":24,"column":10}},"25":{"start":{"line":26,"column":0},"end":{"line":26,"column":2}},"27":{"start":{"line":28,"column":0},"end":{"line":28,"column":24}}},"s":{"1":1,"9":1,"10":22,"11":22,"12":22,"13":22,"14":30,"15":30,"16":30,"17":30,"18":30,"19":30,"20":30,"21":30,"22":22,"23":22,"25":22,"27":1},"branchMap":{"0":{"type":"branch","line":10,"loc":{"start":{"line":10,"column":17},"end":{"line":26,"column":2}},"locations":[{"start":{"line":10,"column":17},"end":{"line":26,"column":2}}]},"1":{"type":"branch","line":14,"loc":{"start":{"line":14,"column":17},"end":{"line":22,"column":10}},"locations":[{"start":{"line":14,"column":17},"end":{"line":22,"column":10}}]},"2":{"type":"branch","line":21,"loc":{"start":{"line":21,"column":19},"end":{"line":21,"column":47}},"locations":[{"start":{"line":21,"column":19},"end":{"line":21,"column":47}}]}},"b":{"0":[22],"1":[30],"2":[1]},"fnMap":{"0":{"name":"Playlist","decl":{"start":{"line":10,"column":17},"end":{"line":26,"column":2}},"loc":{"start":{"line":10,"column":17},"end":{"line":26,"column":2}},"line":10},"1":{"name":"onClick","decl":{"start":{"line":21,"column":19},"end":{"line":21,"column":47}},"loc":{"start":{"line":21,"column":19},"end":{"line":21,"column":47}},"line":21}},"f":{"0":22,"1":1}}
,"/root/Code/atlas-music-player/src/components/PlaylistItem.tsx": {"path":"/root/Code/atlas-music-player/src/components/PlaylistItem.tsx","all":false,"statementMap":{"8":{"start":{"line":9,"column":0},"end":{"line":9,"column":103}},"9":{"start":{"line":10,"column":0},"end":{"line":10,"column":73}},"10":{"start":{"line":11,"column":0},"end":{"line":11,"column":93}},"12":{"start":{"line":13,"column":0},"end":{"line":13,"column":10}},"13":{"start":{"line":14,"column":0},"end":{"line":14,"column":8}},"14":{"start":{"line":15,"column":0},"end":{"line":15,"column":79}},"15":{"start":{"line":16,"column":0},"end":{"line":16,"column":23}},"17":{"start":{"line":18,"column":0},"end":{"line":18,"column":11}},"18":{"start":{"line":19,"column":0},"end":{"line":19,"column":47}},"19":{"start":{"line":20,"column":0},"end":{"line":20,"column":21}},"20":{"start":{"line":21,"column":0},"end":{"line":21,"column":14}},"21":{"start":{"line":22,"column":0},"end":{"line":22,"column":89}},"22":{"start":{"line":23,"column":0},"end":{"line":23,"column":22}},"23":{"start":{"line":24,"column":0},"end":{"line":24,"column":14}},"24":{"start":{"line":25,"column":0},"end":{"line":25,"column":12}},"25":{"start":{"line":26,"column":0},"end":{"line":26,"column":87}},"26":{"start":{"line":27,"column":0},"end":{"line":27,"column":29}},"27":{"start":{"line":28,"column":0},"end":{"line":28,"column":12}},"28":{"start":{"line":29,"column":0},"end":{"line":29,"column":10}},"30":{"start":{"line":31,"column":0},"end":{"line":31,"column":1}},"32":{"start":{"line":33,"column":0},"end":{"line":33,"column":66}},"33":{"start":{"line":34,"column":0},"end":{"line":34,"column":59}},"34":{"start":{"line":35,"column":0},"end":{"line":35,"column":47}},"35":{"start":{"line":36,"column":0},"end":{"line":36,"column":61}},"36":{"start":{"line":37,"column":0},"end":{"line":37,"column":1}},"38":{"start":{"line":39,"column":0},"end":{"line":39,"column":28}}},"s":{"8":1,"9":31,"10":31,"12":31,"13":31,"14":31,"15":31,"17":31,"18":31,"19":31,"20":31,"21":31,"22":31,"23":31,"24":31,"25":31,"26":31,"27":31,"28":31,"30":31,"32":31,"33":31,"34":31,"35":31,"36":31,"38":1},"branchMap":{"0":{"type":"branch","line":9,"loc":{"start":{"line":9,"column":21},"end":{"line":31,"column":1}},"locations":[{"start":{"line":9,"column":21},"end":{"line":31,"column":1}}]},"1":{"type":"branch","line":11,"loc":{"start":{"line":11,"column":26},"end":{"line":11,"column":83}},"locations":[{"start":{"line":11,"column":26},"end":{"line":11,"column":83}}]},"2":{"type":"branch","line":11,"loc":{"start":{"line":11,"column":39},"end":{"line":11,"column":93}},"locations":[{"start":{"line":11,"column":39},"end":{"line":11,"column":93}}]},"3":{"type":"branch","line":33,"loc":{"start":{"line":33,"column":0},"end":{"line":37,"column":1}},"locations":[{"start":{"line":33,"column":0},"end":{"line":37,"column":1}}]}},"b":{"0":[31],"1":[16],"2":[15],"3":[31]},"fnMap":{"0":{"name":"PlaylistItem","decl":{"start":{"line":9,"column":21},"end":{"line":31,"column":1}},"loc":{"start":{"line":9,"column":21},"end":{"line":31,"column":1}},"line":9},"1":{"name":"getSongLengthFormatted","decl":{"start":{"line":33,"column":0},"end":{"line":37,"column":1}},"loc":{"start":{"line":33,"column":0},"end":{"line":37,"column":1}},"line":33}},"f":{"0":31,"1":31}}
,"/root/Code/atlas-music-player/src/components/SongTitle.tsx": {"path":"/root/Code/atlas-music-player/src/components/SongTitle.tsx","all":false,"statementMap":{"5":{"start":{"line":6,"column":0},"end":{"line":6,"column":63}},"6":{"start":{"line":7,"column":0},"end":{"line":7,"column":10}},"7":{"start":{"line":8,"column":0},"end":{"line":8,"column":9}},"8":{"start":{"line":9,"column":0},"end":{"line":9,"column":86}},"9":{"start":{"line":10,"column":0},"end":{"line":10,"column":86}},"10":{"start":{"line":11,"column":0},"end":{"line":11,"column":10}},"12":{"start":{"line":13,"column":0},"end":{"line":13,"column":1}},"14":{"start":{"line":15,"column":0},"end":{"line":15,"column":25}}},"s":{"5":1,"6":23,"7":23,"8":23,"9":23,"10":23,"12":23,"14":1},"branchMap":{"0":{"type":"branch","line":6,"loc":{"start":{"line":6,"column":18},"end":{"line":13,"column":1}},"locations":[{"start":{"line":6,"column":18},"end":{"line":13,"column":1}}]}},"b":{"0":[23]},"fnMap":{"0":{"name":"SongTitle","decl":{"start":{"line":6,"column":18},"end":{"line":13,"column":1}},"loc":{"start":{"line":6,"column":18},"end":{"line":13,"column":1}},"line":6}},"f":{"0":23}}
,"/root/Code/atlas-music-player/src/components/VolumeControls.tsx": {"path":"/root/Code/atlas-music-player/src/components/VolumeControls.tsx","all":false,"statementMap":{"0":{"start":{"line":1,"column":0},"end":{"line":1,"column":39}},"7":{"start":{"line":8,"column":0},"end":{"line":8,"column":77}},"8":{"start":{"line":9,"column":0},"end":{"line":9,"column":10}},"9":{"start":{"line":10,"column":0},"end":{"line":10,"column":32}},"10":{"start":{"line":11,"column":0},"end":{"line":11,"column":17}},"11":{"start":{"line":12,"column":0},"end":{"line":12,"column":12}},"12":{"start":{"line":13,"column":0},"end":{"line":13,"column":20}},"13":{"start":{"line":14,"column":0},"end":{"line":14,"column":15}},"14":{"start":{"line":15,"column":0},"end":{"line":15,"column":17}},"15":{"start":{"line":16,"column":0},"end":{"line":16,"column":22}},"16":{"start":{"line":17,"column":0},"end":{"line":17,"column":70}},"18":{"start":{"line":19,"column":0},"end":{"line":19,"column":64}},"19":{"start":{"line":20,"column":0},"end":{"line":20,"column":8}},"20":{"start":{"line":21,"column":0},"end":{"line":21,"column":10}},"22":{"start":{"line":23,"column":0},"end":{"line":23,"column":1}},"24":{"start":{"line":25,"column":0},"end":{"line":25,"column":30}}},"s":{"0":1,"7":1,"8":23,"9":23,"10":23,"11":23,"12":23,"13":23,"14":23,"15":23,"16":23,"18":23,"19":23,"20":23,"22":23,"24":1},"branchMap":{"0":{"type":"branch","line":8,"loc":{"start":{"line":8,"column":23},"end":{"line":23,"column":1}},"locations":[{"start":{"line":8,"column":23},"end":{"line":23,"column":1}}]}},"b":{"0":[23]},"fnMap":{"0":{"name":"VolumeControls","decl":{"start":{"line":8,"column":23},"end":{"line":23,"column":1}},"loc":{"start":{"line":8,"column":23},"end":{"line":23,"column":1}},"line":8},"1":{"name":"onChange","decl":{"start":{"line":19,"column":18},"end":{"line":19,"column":64}},"loc":{"start":{"line":19,"column":18},"end":{"line":19,"column":64}},"line":19}},"f":{"0":23,"1":0}}
}
